[0.011s] Invoking command in '/home/vishal/ros2_ws/src/follow_me_robot/build/follow_me_robot': CMAKE_PREFIX_PATH=${CMAKE_PREFIX_PATH}:/opt/ros/jazzy DEBUGINFOD_URLS=https://debuginfod.ubuntu.com /usr/bin/cmake /home/vishal/ros2_ws/src/follow_me_robot -DCMAKE_INSTALL_PREFIX=/home/vishal/ros2_ws/src/follow_me_robot/install/follow_me_robot
[0.220s] -- The C compiler identification is GNU 13.3.0
[0.354s] -- The CXX compiler identification is GNU 13.3.0
[0.375s] -- Detecting C compiler ABI info
[0.468s] -- Detecting C compiler ABI info - done
[0.477s] -- Check for working C compiler: /usr/bin/cc - skipped
[0.477s] -- Detecting C compile features
[0.478s] -- Detecting C compile features - done
[0.487s] -- Detecting CXX compiler ABI info
[0.587s] -- Detecting CXX compiler ABI info - done
[0.595s] -- Check for working CXX compiler: /usr/bin/c++ - skipped
[0.595s] -- Detecting CXX compile features
[0.596s] -- Detecting CXX compile features - done
[0.603s] -- Found ament_cmake: 2.5.4 (/opt/ros/jazzy/share/ament_cmake/cmake)
[0.749s] -- Found Python3: /usr/bin/python3 (found version "3.12.3") found components: Interpreter 
[0.893s] -- Found rclpy: 7.1.6 (/opt/ros/jazzy/share/rclpy/cmake)
[0.896s] -- Found sensor_msgs: 5.3.6 (/opt/ros/jazzy/share/sensor_msgs/cmake)
[0.960s] -- Found rosidl_generator_c: 4.6.6 (/opt/ros/jazzy/share/rosidl_generator_c/cmake)
[0.980s] -- Found rosidl_generator_cpp: 4.6.6 (/opt/ros/jazzy/share/rosidl_generator_cpp/cmake)
[1.004s] -- Using all available rosidl_typesupport_c: rosidl_typesupport_fastrtps_c;rosidl_typesupport_introspection_c
[1.031s] -- Using all available rosidl_typesupport_cpp: rosidl_typesupport_fastrtps_cpp;rosidl_typesupport_introspection_cpp
[1.150s] -- Found cv_bridge: 4.1.0 (/opt/ros/jazzy/share/cv_bridge/cmake)
[1.223s] -- Found rmw_implementation_cmake: 7.3.2 (/opt/ros/jazzy/share/rmw_implementation_cmake/cmake)
[1.227s] -- Found rmw_fastrtps_cpp: 8.4.3 (/opt/ros/jazzy/share/rmw_fastrtps_cpp/cmake)
[1.323s] -- Found OpenSSL: /usr/lib/x86_64-linux-gnu/libcrypto.so (found version "3.0.13")  
[1.347s] -- Found FastRTPS: /opt/ros/jazzy/include (Required is at least version "2.13") 
[1.370s] -- Using RMW implementation 'rmw_fastrtps_cpp' as default
[1.537s] -- Configuring done (1.5s)
[1.541s] -- Generating done (0.0s)
[1.543s] -- Build files have been written to: /home/vishal/ros2_ws/src/follow_me_robot/build/follow_me_robot
[1.554s] Invoked command in '/home/vishal/ros2_ws/src/follow_me_robot/build/follow_me_robot' returned '0': CMAKE_PREFIX_PATH=${CMAKE_PREFIX_PATH}:/opt/ros/jazzy DEBUGINFOD_URLS=https://debuginfod.ubuntu.com /usr/bin/cmake /home/vishal/ros2_ws/src/follow_me_robot -DCMAKE_INSTALL_PREFIX=/home/vishal/ros2_ws/src/follow_me_robot/install/follow_me_robot
[1.555s] Invoking command in '/home/vishal/ros2_ws/src/follow_me_robot/build/follow_me_robot': CMAKE_PREFIX_PATH=${CMAKE_PREFIX_PATH}:/opt/ros/jazzy DEBUGINFOD_URLS=https://debuginfod.ubuntu.com /usr/bin/cmake --build /home/vishal/ros2_ws/src/follow_me_robot/build/follow_me_robot -- -j16 -l16
[1.597s] Invoked command in '/home/vishal/ros2_ws/src/follow_me_robot/build/follow_me_robot' returned '0': CMAKE_PREFIX_PATH=${CMAKE_PREFIX_PATH}:/opt/ros/jazzy DEBUGINFOD_URLS=https://debuginfod.ubuntu.com /usr/bin/cmake --build /home/vishal/ros2_ws/src/follow_me_robot/build/follow_me_robot -- -j16 -l16
[1.608s] Invoking command in '/home/vishal/ros2_ws/src/follow_me_robot/build/follow_me_robot': CMAKE_PREFIX_PATH=${CMAKE_PREFIX_PATH}:/opt/ros/jazzy DEBUGINFOD_URLS=https://debuginfod.ubuntu.com /usr/bin/cmake --install /home/vishal/ros2_ws/src/follow_me_robot/build/follow_me_robot
[1.617s] -- Install configuration: ""
[1.617s] -- Installing: /home/vishal/ros2_ws/src/follow_me_robot/install/follow_me_robot/lib/follow_me_robot
[1.617s] -- Installing: /home/vishal/ros2_ws/src/follow_me_robot/install/follow_me_robot/lib/follow_me_robot/follower_node.py
[1.617s] -- Installing: /home/vishal/ros2_ws/src/follow_me_robot/install/follow_me_robot/lib/follow_me_robot/__init__.py
[1.617s] -- Installing: /home/vishal/ros2_ws/src/follow_me_robot/install/follow_me_robot/share/follow_me_robot/launch
[1.617s] -- Installing: /home/vishal/ros2_ws/src/follow_me_robot/install/follow_me_robot/share/follow_me_robot/launch/robot_launch.py
[1.617s] -- Installing: /home/vishal/ros2_ws/src/follow_me_robot/install/follow_me_robot/share/follow_me_robot/urdf
[1.618s] -- Installing: /home/vishal/ros2_ws/src/follow_me_robot/install/follow_me_robot/share/follow_me_robot/urdf/cylinder.urdf.xacro
[1.618s] -- Installing: /home/vishal/ros2_ws/src/follow_me_robot/install/follow_me_robot/share/follow_me_robot/urdf/robot.urdf.xacro
[1.618s] -- Installing: /home/vishal/ros2_ws/src/follow_me_robot/install/follow_me_robot/share/follow_me_robot/worlds
[1.618s] -- Installing: /home/vishal/ros2_ws/src/follow_me_robot/install/follow_me_robot/share/follow_me_robot/worlds/follow_me.sdf
[1.618s] -- Up-to-date: /home/vishal/ros2_ws/src/follow_me_robot/install/follow_me_robot/lib/follow_me_robot/follower_node.py
[1.618s] -- Installing: /home/vishal/ros2_ws/src/follow_me_robot/install/follow_me_robot/share/ament_index/resource_index/package_run_dependencies/follow_me_robot
[1.618s] -- Installing: /home/vishal/ros2_ws/src/follow_me_robot/install/follow_me_robot/share/ament_index/resource_index/parent_prefix_path/follow_me_robot
[1.618s] -- Installing: /home/vishal/ros2_ws/src/follow_me_robot/install/follow_me_robot/share/follow_me_robot/environment/ament_prefix_path.sh
[1.618s] -- Installing: /home/vishal/ros2_ws/src/follow_me_robot/install/follow_me_robot/share/follow_me_robot/environment/ament_prefix_path.dsv
[1.618s] -- Installing: /home/vishal/ros2_ws/src/follow_me_robot/install/follow_me_robot/share/follow_me_robot/environment/path.sh
[1.618s] -- Installing: /home/vishal/ros2_ws/src/follow_me_robot/install/follow_me_robot/share/follow_me_robot/environment/path.dsv
[1.618s] -- Installing: /home/vishal/ros2_ws/src/follow_me_robot/install/follow_me_robot/share/follow_me_robot/local_setup.bash
[1.618s] -- Installing: /home/vishal/ros2_ws/src/follow_me_robot/install/follow_me_robot/share/follow_me_robot/local_setup.sh
[1.618s] -- Installing: /home/vishal/ros2_ws/src/follow_me_robot/install/follow_me_robot/share/follow_me_robot/local_setup.zsh
[1.618s] -- Installing: /home/vishal/ros2_ws/src/follow_me_robot/install/follow_me_robot/share/follow_me_robot/local_setup.dsv
[1.618s] -- Installing: /home/vishal/ros2_ws/src/follow_me_robot/install/follow_me_robot/share/follow_me_robot/package.dsv
[1.618s] -- Installing: /home/vishal/ros2_ws/src/follow_me_robot/install/follow_me_robot/share/ament_index/resource_index/packages/follow_me_robot
[1.618s] -- Installing: /home/vishal/ros2_ws/src/follow_me_robot/install/follow_me_robot/share/follow_me_robot/cmake/follow_me_robotConfig.cmake
[1.619s] -- Installing: /home/vishal/ros2_ws/src/follow_me_robot/install/follow_me_robot/share/follow_me_robot/cmake/follow_me_robotConfig-version.cmake
[1.619s] -- Installing: /home/vishal/ros2_ws/src/follow_me_robot/install/follow_me_robot/share/follow_me_robot/package.xml
[1.620s] Invoked command in '/home/vishal/ros2_ws/src/follow_me_robot/build/follow_me_robot' returned '0': CMAKE_PREFIX_PATH=${CMAKE_PREFIX_PATH}:/opt/ros/jazzy DEBUGINFOD_URLS=https://debuginfod.ubuntu.com /usr/bin/cmake --install /home/vishal/ros2_ws/src/follow_me_robot/build/follow_me_robot
