[0.140s] DEBUG:colcon:Command line arguments: ['/usr/bin/colcon', 'build', '--packages-select', 'follow_me_robot']
[0.140s] DEBUG:colcon:Parsed command line arguments: Namespace(log_base=None, log_level=None, verb_name='build', build_base='build', install_base='install', merge_install=False, symlink_install=False, test_result_base=None, continue_on_error=False, executor='parallel', parallel_workers=16, event_handlers=None, ignore_user_meta=False, metas=['./colcon.meta'], base_paths=['.'], packages_ignore=None, packages_ignore_regex=None, paths=None, packages_up_to=None, packages_up_to_regex=None, packages_above=None, packages_above_and_dependencies=None, packages_above_depth=None, packages_select_by_dep=None, packages_skip_by_dep=None, packages_skip_up_to=None, packages_select_build_failed=False, packages_skip_build_finished=False, packages_select_test_failures=False, packages_skip_test_passed=False, packages_select=['follow_me_robot'], packages_skip=None, packages_select_regex=None, packages_skip_regex=None, packages_start=None, packages_end=None, allow_overriding=[], cmake_args=None, cmake_target=None, cmake_target_skip_unavailable=False, cmake_clean_cache=False, cmake_clean_first=False, cmake_force_configure=False, ament_cmake_args=None, catkin_cmake_args=None, catkin_skip_building_tests=False, mixin_files=None, mixin=None, verb_parser=<colcon_mixin.mixin.mixin_argument.MixinArgumentDecorator object at 0x7e11d4698830>, verb_extension=<colcon_core.verb.build.BuildVerb object at 0x7e11d4673a40>, main=<bound method BuildVerb.main of <colcon_core.verb.build.BuildVerb object at 0x7e11d4673a40>>, mixin_verb=('build',))
[0.197s] Level 1:colcon.colcon_core.package_discovery:discover_packages(colcon_meta) check parameters
[0.198s] Level 1:colcon.colcon_core.package_discovery:discover_packages(recursive) check parameters
[0.198s] Level 1:colcon.colcon_core.package_discovery:discover_packages(ignore) check parameters
[0.198s] Level 1:colcon.colcon_core.package_discovery:discover_packages(path) check parameters
[0.198s] Level 1:colcon.colcon_core.package_discovery:discover_packages(colcon_meta) discover
[0.198s] Level 1:colcon.colcon_core.package_discovery:discover_packages(recursive) discover
[0.198s] INFO:colcon.colcon_core.package_discovery:Crawling recursively for packages in '/home/vishal/ros2_ws/src/follow_me_robot'
[0.198s] Level 1:colcon.colcon_core.package_identification:_identify(.) by extensions ['ignore', 'ignore_ament_install']
[0.198s] Level 1:colcon.colcon_core.package_identification:_identify(.) by extension 'ignore'
[0.198s] Level 1:colcon.colcon_core.package_identification:_identify(.) by extension 'ignore_ament_install'
[0.198s] Level 1:colcon.colcon_core.package_identification:_identify(.) by extensions ['colcon_pkg']
[0.198s] Level 1:colcon.colcon_core.package_identification:_identify(.) by extension 'colcon_pkg'
[0.198s] Level 1:colcon.colcon_core.package_identification:_identify(.) by extensions ['colcon_meta']
[0.198s] Level 1:colcon.colcon_core.package_identification:_identify(.) by extension 'colcon_meta'
[0.198s] Level 1:colcon.colcon_core.package_identification:_identify(.) by extensions ['ros']
[0.198s] Level 1:colcon.colcon_core.package_identification:_identify(.) by extension 'ros'
[0.235s] DEBUG:colcon.colcon_core.package_identification:Package '.' with type 'ros.ament_cmake' and name 'follow_me_robot'
[0.235s] Level 1:colcon.colcon_core.package_discovery:discover_packages(recursive) using defaults
[0.235s] Level 1:colcon.colcon_core.package_discovery:discover_packages(ignore) discover
[0.235s] Level 1:colcon.colcon_core.package_discovery:discover_packages(ignore) using defaults
[0.235s] Level 1:colcon.colcon_core.package_discovery:discover_packages(path) discover
[0.235s] Level 1:colcon.colcon_core.package_discovery:discover_packages(path) using defaults
[0.259s] Level 1:colcon.colcon_core.package_discovery:discover_packages(prefix_path) check parameters
[0.259s] Level 1:colcon.colcon_core.package_discovery:discover_packages(prefix_path) discover
[0.262s] DEBUG:colcon.colcon_installed_package_information.package_discovery:Found 311 installed packages in /opt/ros/jazzy
[0.263s] Level 1:colcon.colcon_core.package_discovery:discover_packages(prefix_path) using defaults
[0.304s] Level 5:colcon.colcon_core.verb:set package 'follow_me_robot' build argument 'cmake_args' from command line to 'None'
[0.305s] Level 5:colcon.colcon_core.verb:set package 'follow_me_robot' build argument 'cmake_target' from command line to 'None'
[0.305s] Level 5:colcon.colcon_core.verb:set package 'follow_me_robot' build argument 'cmake_target_skip_unavailable' from command line to 'False'
[0.305s] Level 5:colcon.colcon_core.verb:set package 'follow_me_robot' build argument 'cmake_clean_cache' from command line to 'False'
[0.305s] Level 5:colcon.colcon_core.verb:set package 'follow_me_robot' build argument 'cmake_clean_first' from command line to 'False'
[0.305s] Level 5:colcon.colcon_core.verb:set package 'follow_me_robot' build argument 'cmake_force_configure' from command line to 'False'
[0.305s] Level 5:colcon.colcon_core.verb:set package 'follow_me_robot' build argument 'ament_cmake_args' from command line to 'None'
[0.305s] Level 5:colcon.colcon_core.verb:set package 'follow_me_robot' build argument 'catkin_cmake_args' from command line to 'None'
[0.305s] Level 5:colcon.colcon_core.verb:set package 'follow_me_robot' build argument 'catkin_skip_building_tests' from command line to 'False'
[0.305s] DEBUG:colcon.colcon_core.verb:Building package 'follow_me_robot' with the following arguments: {'ament_cmake_args': None, 'build_base': '/home/vishal/ros2_ws/src/follow_me_robot/build/follow_me_robot', 'catkin_cmake_args': None, 'catkin_skip_building_tests': False, 'cmake_args': None, 'cmake_clean_cache': False, 'cmake_clean_first': False, 'cmake_force_configure': False, 'cmake_target': None, 'cmake_target_skip_unavailable': False, 'install_base': '/home/vishal/ros2_ws/src/follow_me_robot/install/follow_me_robot', 'merge_install': False, 'path': '/home/vishal/ros2_ws/src/follow_me_robot', 'symlink_install': False, 'test_result_base': None}
[0.305s] INFO:colcon.colcon_core.executor:Executing jobs using 'parallel' executor
[0.306s] DEBUG:colcon.colcon_parallel_executor.executor.parallel:run_until_complete
[0.306s] INFO:colcon.colcon_ros.task.ament_cmake.build:Building ROS package in '/home/vishal/ros2_ws/src/follow_me_robot' with build type 'ament_cmake'
[0.306s] INFO:colcon.colcon_cmake.task.cmake.build:Building CMake package in '/home/vishal/ros2_ws/src/follow_me_robot'
[0.310s] INFO:colcon.colcon_core.plugin_system:Skipping extension 'colcon_core.shell.bat': Not used on non-Windows systems
[0.310s] INFO:colcon.colcon_core.shell:Skip shell extension 'powershell' for command environment: Not usable outside of PowerShell
[0.310s] DEBUG:colcon.colcon_core.shell:Skip shell extension 'dsv' for command environment
[0.317s] DEBUG:colcon.colcon_core.event_handler.log_command:Invoking command in '/home/vishal/ros2_ws/src/follow_me_robot/build/follow_me_robot': CMAKE_PREFIX_PATH=${CMAKE_PREFIX_PATH}:/opt/ros/jazzy DEBUGINFOD_URLS=https://debuginfod.ubuntu.com /usr/bin/cmake /home/vishal/ros2_ws/src/follow_me_robot -DCMAKE_INSTALL_PREFIX=/home/vishal/ros2_ws/src/follow_me_robot/install/follow_me_robot
[1.861s] DEBUG:colcon.colcon_core.event_handler.log_command:Invoked command in '/home/vishal/ros2_ws/src/follow_me_robot/build/follow_me_robot' returned '0': CMAKE_PREFIX_PATH=${CMAKE_PREFIX_PATH}:/opt/ros/jazzy DEBUGINFOD_URLS=https://debuginfod.ubuntu.com /usr/bin/cmake /home/vishal/ros2_ws/src/follow_me_robot -DCMAKE_INSTALL_PREFIX=/home/vishal/ros2_ws/src/follow_me_robot/install/follow_me_robot
[1.862s] DEBUG:colcon.colcon_core.event_handler.log_command:Invoking command in '/home/vishal/ros2_ws/src/follow_me_robot/build/follow_me_robot': CMAKE_PREFIX_PATH=${CMAKE_PREFIX_PATH}:/opt/ros/jazzy DEBUGINFOD_URLS=https://debuginfod.ubuntu.com /usr/bin/cmake --build /home/vishal/ros2_ws/src/follow_me_robot/build/follow_me_robot -- -j16 -l16
[1.904s] DEBUG:colcon.colcon_core.event_handler.log_command:Invoked command in '/home/vishal/ros2_ws/src/follow_me_robot/build/follow_me_robot' returned '0': CMAKE_PREFIX_PATH=${CMAKE_PREFIX_PATH}:/opt/ros/jazzy DEBUGINFOD_URLS=https://debuginfod.ubuntu.com /usr/bin/cmake --build /home/vishal/ros2_ws/src/follow_me_robot/build/follow_me_robot -- -j16 -l16
[1.914s] DEBUG:colcon.colcon_core.event_handler.log_command:Invoking command in '/home/vishal/ros2_ws/src/follow_me_robot/build/follow_me_robot': CMAKE_PREFIX_PATH=${CMAKE_PREFIX_PATH}:/opt/ros/jazzy DEBUGINFOD_URLS=https://debuginfod.ubuntu.com /usr/bin/cmake --install /home/vishal/ros2_ws/src/follow_me_robot/build/follow_me_robot
[1.926s] Level 1:colcon.colcon_core.environment:create_environment_scripts_only(follow_me_robot)
[1.927s] DEBUG:colcon.colcon_core.event_handler.log_command:Invoked command in '/home/vishal/ros2_ws/src/follow_me_robot/build/follow_me_robot' returned '0': CMAKE_PREFIX_PATH=${CMAKE_PREFIX_PATH}:/opt/ros/jazzy DEBUGINFOD_URLS=https://debuginfod.ubuntu.com /usr/bin/cmake --install /home/vishal/ros2_ws/src/follow_me_robot/build/follow_me_robot
[1.931s] Level 1:colcon.colcon_core.environment:checking '/home/vishal/ros2_ws/src/follow_me_robot/install/follow_me_robot' for CMake module files
[1.931s] Level 1:colcon.colcon_core.environment:checking '/home/vishal/ros2_ws/src/follow_me_robot/install/follow_me_robot' for CMake config files
[1.931s] Level 1:colcon.colcon_core.shell:create_environment_hook('follow_me_robot', 'cmake_prefix_path')
[1.932s] INFO:colcon.colcon_core.shell:Creating environment hook '/home/vishal/ros2_ws/src/follow_me_robot/install/follow_me_robot/share/follow_me_robot/hook/cmake_prefix_path.ps1'
[1.932s] INFO:colcon.colcon_core.shell:Creating environment descriptor '/home/vishal/ros2_ws/src/follow_me_robot/install/follow_me_robot/share/follow_me_robot/hook/cmake_prefix_path.dsv'
[1.933s] INFO:colcon.colcon_core.shell:Creating environment hook '/home/vishal/ros2_ws/src/follow_me_robot/install/follow_me_robot/share/follow_me_robot/hook/cmake_prefix_path.sh'
[1.934s] Level 1:colcon.colcon_core.environment:checking '/home/vishal/ros2_ws/src/follow_me_robot/install/follow_me_robot/lib'
[1.934s] Level 1:colcon.colcon_core.environment:checking '/home/vishal/ros2_ws/src/follow_me_robot/install/follow_me_robot/bin'
[1.934s] Level 1:colcon.colcon_core.environment:checking '/home/vishal/ros2_ws/src/follow_me_robot/install/follow_me_robot/lib/pkgconfig/follow_me_robot.pc'
[1.934s] Level 1:colcon.colcon_core.environment:checking '/home/vishal/ros2_ws/src/follow_me_robot/install/follow_me_robot/lib/python3.12/site-packages'
[1.935s] Level 1:colcon.colcon_core.environment:checking '/home/vishal/ros2_ws/src/follow_me_robot/install/follow_me_robot/bin'
[1.935s] INFO:colcon.colcon_core.shell:Creating package script '/home/vishal/ros2_ws/src/follow_me_robot/install/follow_me_robot/share/follow_me_robot/package.ps1'
[1.936s] INFO:colcon.colcon_core.shell:Creating package descriptor '/home/vishal/ros2_ws/src/follow_me_robot/install/follow_me_robot/share/follow_me_robot/package.dsv'
[1.936s] INFO:colcon.colcon_core.shell:Creating package script '/home/vishal/ros2_ws/src/follow_me_robot/install/follow_me_robot/share/follow_me_robot/package.sh'
[1.937s] INFO:colcon.colcon_core.shell:Creating package script '/home/vishal/ros2_ws/src/follow_me_robot/install/follow_me_robot/share/follow_me_robot/package.bash'
[1.938s] INFO:colcon.colcon_core.shell:Creating package script '/home/vishal/ros2_ws/src/follow_me_robot/install/follow_me_robot/share/follow_me_robot/package.zsh'
[1.938s] Level 1:colcon.colcon_core.environment:create_file_with_runtime_dependencies(/home/vishal/ros2_ws/src/follow_me_robot/install/follow_me_robot/share/colcon-core/packages/follow_me_robot)
[1.939s] Level 1:colcon.colcon_core.environment:create_environment_scripts_only(follow_me_robot)
[1.939s] Level 1:colcon.colcon_core.environment:checking '/home/vishal/ros2_ws/src/follow_me_robot/install/follow_me_robot' for CMake module files
[1.939s] Level 1:colcon.colcon_core.environment:checking '/home/vishal/ros2_ws/src/follow_me_robot/install/follow_me_robot' for CMake config files
[1.940s] Level 1:colcon.colcon_core.shell:create_environment_hook('follow_me_robot', 'cmake_prefix_path')
[1.940s] INFO:colcon.colcon_core.shell:Creating environment hook '/home/vishal/ros2_ws/src/follow_me_robot/install/follow_me_robot/share/follow_me_robot/hook/cmake_prefix_path.ps1'
[1.940s] INFO:colcon.colcon_core.shell:Creating environment descriptor '/home/vishal/ros2_ws/src/follow_me_robot/install/follow_me_robot/share/follow_me_robot/hook/cmake_prefix_path.dsv'
[1.940s] INFO:colcon.colcon_core.shell:Creating environment hook '/home/vishal/ros2_ws/src/follow_me_robot/install/follow_me_robot/share/follow_me_robot/hook/cmake_prefix_path.sh'
[1.941s] Level 1:colcon.colcon_core.environment:checking '/home/vishal/ros2_ws/src/follow_me_robot/install/follow_me_robot/lib'
[1.941s] Level 1:colcon.colcon_core.environment:checking '/home/vishal/ros2_ws/src/follow_me_robot/install/follow_me_robot/bin'
[1.941s] Level 1:colcon.colcon_core.environment:checking '/home/vishal/ros2_ws/src/follow_me_robot/install/follow_me_robot/lib/pkgconfig/follow_me_robot.pc'
[1.941s] Level 1:colcon.colcon_core.environment:checking '/home/vishal/ros2_ws/src/follow_me_robot/install/follow_me_robot/lib/python3.12/site-packages'
[1.942s] Level 1:colcon.colcon_core.environment:checking '/home/vishal/ros2_ws/src/follow_me_robot/install/follow_me_robot/bin'
[1.942s] INFO:colcon.colcon_core.shell:Creating package script '/home/vishal/ros2_ws/src/follow_me_robot/install/follow_me_robot/share/follow_me_robot/package.ps1'
[1.942s] INFO:colcon.colcon_core.shell:Creating package descriptor '/home/vishal/ros2_ws/src/follow_me_robot/install/follow_me_robot/share/follow_me_robot/package.dsv'
[1.943s] INFO:colcon.colcon_core.shell:Creating package script '/home/vishal/ros2_ws/src/follow_me_robot/install/follow_me_robot/share/follow_me_robot/package.sh'
[1.943s] INFO:colcon.colcon_core.shell:Creating package script '/home/vishal/ros2_ws/src/follow_me_robot/install/follow_me_robot/share/follow_me_robot/package.bash'
[1.943s] INFO:colcon.colcon_core.shell:Creating package script '/home/vishal/ros2_ws/src/follow_me_robot/install/follow_me_robot/share/follow_me_robot/package.zsh'
[1.944s] Level 1:colcon.colcon_core.environment:create_file_with_runtime_dependencies(/home/vishal/ros2_ws/src/follow_me_robot/install/follow_me_robot/share/colcon-core/packages/follow_me_robot)
[1.944s] DEBUG:colcon.colcon_parallel_executor.executor.parallel:closing loop
[1.944s] DEBUG:colcon.colcon_parallel_executor.executor.parallel:loop closed
[1.944s] DEBUG:colcon.colcon_parallel_executor.executor.parallel:run_until_complete finished with '0'
[1.944s] DEBUG:colcon.colcon_core.event_reactor:joining thread
[1.951s] INFO:colcon.colcon_core.plugin_system:Skipping extension 'colcon_notification.desktop_notification.terminal_notifier': Not used on non-Darwin systems
[1.951s] INFO:colcon.colcon_core.plugin_system:Skipping extension 'colcon_notification.desktop_notification.win32': Not used on non-Windows systems
[1.951s] INFO:colcon.colcon_notification.desktop_notification:Sending desktop notification using 'notify2'
[1.967s] DEBUG:colcon.colcon_core.event_reactor:joined thread
[1.968s] INFO:colcon.colcon_core.shell:Creating prefix script '/home/vishal/ros2_ws/src/follow_me_robot/install/local_setup.ps1'
[1.969s] INFO:colcon.colcon_core.shell:Creating prefix util module '/home/vishal/ros2_ws/src/follow_me_robot/install/_local_setup_util_ps1.py'
[1.970s] INFO:colcon.colcon_core.shell:Creating prefix chain script '/home/vishal/ros2_ws/src/follow_me_robot/install/setup.ps1'
[1.971s] INFO:colcon.colcon_core.shell:Creating prefix script '/home/vishal/ros2_ws/src/follow_me_robot/install/local_setup.sh'
[1.972s] INFO:colcon.colcon_core.shell:Creating prefix util module '/home/vishal/ros2_ws/src/follow_me_robot/install/_local_setup_util_sh.py'
[1.972s] INFO:colcon.colcon_core.shell:Creating prefix chain script '/home/vishal/ros2_ws/src/follow_me_robot/install/setup.sh'
[1.973s] INFO:colcon.colcon_core.shell:Creating prefix script '/home/vishal/ros2_ws/src/follow_me_robot/install/local_setup.bash'
[1.973s] INFO:colcon.colcon_core.shell:Creating prefix chain script '/home/vishal/ros2_ws/src/follow_me_robot/install/setup.bash'
[1.974s] INFO:colcon.colcon_core.shell:Creating prefix script '/home/vishal/ros2_ws/src/follow_me_robot/install/local_setup.zsh'
[1.975s] INFO:colcon.colcon_core.shell:Creating prefix chain script '/home/vishal/ros2_ws/src/follow_me_robot/install/setup.zsh'
